2006/17/04 14:42:23 : START g5
2006/17/04 14:42:49 : DISABLE
2006/17/04 14:42:57 : ENABLE
2006/17/04 14:43:07 : START ibook
2006/17/04 14:43:12 : START station3d
2006/17/04 14:43:27 : START g5
2006/17/04 14:43:32 : DISABLE
2006/17/04 14:43:33 : DISABLE
2006/17/04 14:43:33 : DISABLE
2006/17/04 14:43:36 : ENABLE
2006/17/04 14:43:37 : ENABLE
2006/17/04 14:43:37 : ENABLE
2006/17/04 14:44:00 : RENDER roue.blend -s 11 -e 20
2006/17/04 14:44:01 : RENDER roue.blend -s 21 -e 30
2006/17/04 14:44:01 : RENDER roue.blend -s 1 -e 10
2006/17/04 14:44:04 : RENDER roue.blend -s 31 -e 40
2006/17/04 14:44:07 : RENDER roue.blend -s 41 -e 50
2006/17/04 14:44:10 : RENDER roue.blend -s 51 -e 60
2006/17/04 14:44:13 : RENDER roue.blend -s 61 -e 70
2006/17/04 14:44:15 : RENDER roue.blend -s 71 -e 80
2006/17/04 14:44:18 : RENDER roue.blend -s 81 -e 90
2006/17/04 14:44:21 : RENDER roue.blend -s 91 -e 100
2006/17/04 14:44:21 : DECLARE FINISHED job 1
2006/17/04 14:46:01 : RENDER essai_action_nla.blend -s 21 -e 30
2006/17/04 14:46:01 : RENDER essai_action_nla.blend -s 1 -e 10
2006/17/04 14:46:03 : RENDER essai_action_nla.blend -s 31 -e 40
2006/17/04 14:46:04 : RENDER essai_action_nla.blend -s 51 -e 60
2006/17/04 14:46:07 : RENDER essai_action_nla.blend -s 81 -e 90
2006/17/04 14:46:07 : RENDER essai_action_nla.blend -s 61 -e 70
2006/17/04 14:46:10 : RENDER essai_action_nla.blend -s 111 -e 100
2006/17/04 14:46:10 : DECLARE FINISHED job 6
2006/17/04 14:46:10 : RENDER essai_action_nla.blend -s 91 -e 100
2006/17/04 14:46:10 : DECLARE FINISHED job 6
2006/17/04 14:46:23 : START g5
2006/17/04 14:46:23 : RENDER essai_action_nla.blend -s 11 -e 20
2006/17/04 14:46:23 : RENDER essai_action_nla.blend -s 41 -e 50
2006/17/04 14:46:23 : RENDER essai_action_nla.blend -s 71 -e 80
2006/17/04 14:46:24 : RENDER essai_action_nla.blend -s 101 -e 100
2006/17/04 14:46:24 : DECLARE FINISHED job 6
2006/17/04 14:50:00 : START g5
2006/17/04 14:50:13 : RENDER essai_action_nla.blend -s 21 -e 30
2006/17/04 14:50:13 : RENDER essai_action_nla.blend -s 1 -e 10
2006/17/04 14:50:13 : RENDER essai_action_nla.blend -s 11 -e 20
2006/17/04 14:50:16 : RENDER essai_action_nla.blend -s 51 -e 60
2006/17/04 14:50:16 : RENDER essai_action_nla.blend -s 31 -e 40
2006/17/04 14:50:16 : RENDER essai_action_nla.blend -s 41 -e 50
2006/17/04 14:50:19 : RENDER essai_action_nla.blend -s 81 -e 90
2006/17/04 14:50:19 : RENDER essai_action_nla.blend -s 61 -e 70
2006/17/04 14:50:19 : RENDER essai_action_nla.blend -s 71 -e 80
2006/17/04 14:50:22 : RENDER essai_action_nla.blend -s 111 -e 100
2006/17/04 14:50:22 : DECLARE FINISHED job 6
2006/17/04 14:50:22 : RENDER essai_action_nla.blend -s 91 -e 100
2006/17/04 14:50:22 : RENDER essai_action_nla.blend -s 101 -e 100
2006/17/04 14:50:23 : DECLARE FINISHED job 6
2006/17/04 14:50:23 : DECLARE FINISHED job 6
2006/17/04 15:30:44 : DISABLE
2006/17/04 15:30:52 : ENABLE
2006/17/04 15:39:58 : DISABLE
2006/17/04 15:40:02 : ENABLE
2006/17/04 15:40:02 : ENABLE
2006/17/04 15:40:03 : ENABLE
